<?xml version="1.0" encoding="UTF-8"?><testsuite errors="0" failures="0" name="Filter Products" skipped="0" tests="4" time="36.32" timestamp="2022-05-21 04:22:40"><testcase name="Related products will appear when selecting one or more options in the Camera angle"/><testcase name="Related products will disappear when unselecting one or more options in the Camera angle"/><testcase name="Related products will appear when selecting one or more options in the Connection type"/><testcase name="Related products will disappear when unselecting one or more options in the Connection type"/></testsuite>